{"name": "test_buy_product1", "status": "broken", "statusDetails": {"message": "selenium.common.exceptions.TimeoutException: Message:", "trace": "driver = <selenium.webdriver.chrome.webdriver.WebDriver (session=\"8a5329d5c3381987e600cce9d22bd6e9\")>\n\n    @allure.description(\"test_buy_product1\")\n    def test_buy_product1(driver):\n        log = LoginPage(driver)\n>       log.check()\n\ntests\\test_buy_product1.py:13: \n_ _ _ _ _ _ _ _ _ _ _ _ _ _ _ _ _ _ _ _ _ _ _ _ _ _ _ _ _ _ _ _ _ _ _ _ _ _ _ _ _ _ _ _ _ _ _ _ _ _ _ _ _ _ _ _ _ _ _ _ _ _ _ _ _ _ _ _ _ _ _ _ _ _ _ _\npages\\loginPage.py:59: in check\n    self.assertWord(self.getMainWord(), 'Swag labs')\npages\\loginPage.py:31: in getMainWord\n    return WebDriverWait(self.driver, 30).until(EC.element_to_be_clickable((By.XPATH, self.mainWord)))\n_ _ _ _ _ _ _ _ _ _ _ _ _ _ _ _ _ _ _ _ _ _ _ _ _ _ _ _ _ _ _ _ _ _ _ _ _ _ _ _ _ _ _ _ _ _ _ _ _ _ _ _ _ _ _ _ _ _ _ _ _ _ _ _ _ _ _ _ _ _ _ _ _ _ _ _\n\nself = <selenium.webdriver.support.wait.WebDriverWait (session=\"8a5329d5c3381987e600cce9d22bd6e9\")>\nmethod = <selenium.webdriver.support.expected_conditions.element_to_be_clickable object at 0x00000119B6893520>, message = ''\n\n    def until(self, method, message=''):\n        \"\"\"Calls the method provided with the driver as an argument until the \\\n        return value is not False.\"\"\"\n        screen = None\n        stacktrace = None\n    \n        end_time = time.time() + self._timeout\n        while True:\n            try:\n                value = method(self._driver)\n                if value:\n                    return value\n            except self._ignored_exceptions as exc:\n                screen = getattr(exc, 'screen', None)\n                stacktrace = getattr(exc, 'stacktrace', None)\n            time.sleep(self._poll)\n            if time.time() > end_time:\n                break\n>       raise TimeoutException(message, screen, stacktrace)\nE       selenium.common.exceptions.TimeoutException: Message:\n\n..\\..\\AppData\\Local\\Programs\\Python\\Python39\\lib\\site-packages\\selenium\\webdriver\\support\\wait.py:80: TimeoutException"}, "description": "test_buy_product1", "steps": [{"name": "check", "status": "broken", "statusDetails": {"message": "selenium.common.exceptions.TimeoutException: Message: \n\n", "trace": "  File \"C:\\Users\\shche\\PycharmProjects\\SauceDemo\\pages\\loginPage.py\", line 59, in check\n    self.assertWord(self.getMainWord(), 'Swag labs')\n  File \"C:\\Users\\shche\\PycharmProjects\\SauceDemo\\pages\\loginPage.py\", line 31, in getMainWord\n    return WebDriverWait(self.driver, 30).until(EC.element_to_be_clickable((By.XPATH, self.mainWord)))\n  File \"C:\\Users\\shche\\AppData\\Local\\Programs\\Python\\Python39\\lib\\site-packages\\selenium\\webdriver\\support\\wait.py\", line 80, in until\n    raise TimeoutException(message, screen, stacktrace)\n"}, "start": 1680639439600, "stop": 1680639471240}], "attachments": [{"name": "stdout", "source": "9a6940a4-d5cd-4ee2-bafb-88ab61be475a-attachment.txt", "type": "text/plain"}], "start": 1680639439600, "stop": 1680639471259, "uuid": "382e388a-638d-48b5-bf8b-be538c9658ca", "historyId": "953434a87b98cea6936372c3b9cc1669", "testCaseId": "0cf3f3e3cfe6f9c5b8fb2af70f12ee6e", "fullName": "tests.test_buy_product1#test_buy_product1", "labels": [{"name": "parentSuite", "value": "tests"}, {"name": "suite", "value": "test_buy_product1"}, {"name": "host", "value": "LAPTOP-70OVIOCN"}, {"name": "thread", "value": "3544-MainThread"}, {"name": "framework", "value": "pytest"}, {"name": "language", "value": "cpython3"}, {"name": "package", "value": "tests.test_buy_product1"}]}