{"name": "test_buy_product1", "status": "failed", "statusDetails": {"message": "AssertionError", "trace": "driver = <selenium.webdriver.chrome.webdriver.WebDriver (session=\"a777cf3e9a12194c0a3afd200d1e5b7a\")>\n\n    @allure.description(\"test_buy_product1\")\n    def test_buy_product1(driver):\n        log = LoginPage(driver)\n>       log.check()\n\ntests\\test_buy_product1.py:13: \n_ _ _ _ _ _ _ _ _ _ _ _ _ _ _ _ _ _ _ _ _ _ _ _ _ _ _ _ _ _ _ _ _ _ _ _ _ _ _ _ _ _ _ _ _ _ _ _ _ _ _ _ _ _ _ _ _ _ _ _ _ _ _ _ _ _ _ _ _ _ _ _ _ _ _ _\npages\\loginPage.py:59: in check\n    self.assertWord(self.getMainWord(), 'Swag labs')\n_ _ _ _ _ _ _ _ _ _ _ _ _ _ _ _ _ _ _ _ _ _ _ _ _ _ _ _ _ _ _ _ _ _ _ _ _ _ _ _ _ _ _ _ _ _ _ _ _ _ _ _ _ _ _ _ _ _ _ _ _ _ _ _ _ _ _ _ _ _ _ _ _ _ _ _\n\nself = <pages.loginPage.LoginPage object at 0x000001FD3C4E2490>\nword = <selenium.webdriver.remote.webelement.WebElement (session=\"a777cf3e9a12194c0a3afd200d1e5b7a\", element=\"d75eacb3-cddf-47e9-aae9-b8da8c474b93\")>\nresult = 'Swag labs'\n\n    def assertWord(self, word, result):\n        valueWord = word.text\n>       assert valueWord == result\nE       AssertionError\n\nbase\\baseClass.py:14: AssertionError"}, "description": "test_buy_product1", "steps": [{"name": "check", "status": "failed", "statusDetails": {"message": "AssertionError\n", "trace": "  File \"C:\\Users\\shche\\PycharmProjects\\SauceDemo\\pages\\loginPage.py\", line 59, in check\n    self.assertWord(self.getMainWord(), 'Swag labs')\n  File \"C:\\Users\\shche\\PycharmProjects\\SauceDemo\\base\\baseClass.py\", line 14, in assertWord\n    assert valueWord == result\n"}, "start": 1680639671063, "stop": 1680639672323}], "attachments": [{"name": "stdout", "source": "d80e1ac5-22c1-46ab-8a29-3ba6c39b8a7f-attachment.txt", "type": "text/plain"}], "start": 1680639671063, "stop": 1680639672324, "uuid": "f69c2e9c-a0e7-4bea-b756-3d1592e4d97b", "historyId": "953434a87b98cea6936372c3b9cc1669", "testCaseId": "0cf3f3e3cfe6f9c5b8fb2af70f12ee6e", "fullName": "tests.test_buy_product1#test_buy_product1", "labels": [{"name": "parentSuite", "value": "tests"}, {"name": "suite", "value": "test_buy_product1"}, {"name": "host", "value": "LAPTOP-70OVIOCN"}, {"name": "thread", "value": "8268-MainThread"}, {"name": "framework", "value": "pytest"}, {"name": "language", "value": "cpython3"}, {"name": "package", "value": "tests.test_buy_product1"}]}